<?xml version="1.0" encoding="UTF-8"?>
<!-- Generated by org.testng.reporters.JUnitXMLReporter -->
<testsuite ignored="0" hostname="Khosruzs-MacBook-Pro.local" failures="0" tests="11" name="Home Page Headers Functions" time="55.358" errors="0" timestamp="2024-09-06T11:30:26 EDT">
  <testcase classname="com.Tests.HomePageTest" name="@AfterMethod tearDown" time="0.227">
    <failure type="org.openqa.selenium.NoSuchSessionException" message="invalid session id
Build info: version: &amp;apos;4.11.0&amp;apos;, revision: &amp;apos;040bc5406b&amp;apos;
System info: os.name: &amp;apos;Mac OS X&amp;apos;, os.arch: &amp;apos;aarch64&amp;apos;, os.version: &amp;apos;14.6.1&amp;apos;, java.version: &amp;apos;20.0.2&amp;apos;
Driver info: org.openqa.selenium.chrome.ChromeDriver
Command: [d1487a902093cd5dda42206162e97e2f, close {}]
Capabilities {acceptInsecureCerts: false, browserName: chrome, browserVersion: 128.0.6613.120, chrome: {chromedriverVersion: 128.0.6613.84 (606aa55c7d68..., userDataDir: /var/folders/zk/ygw69c096qz...}, fedcm:accounts: true, goog:chromeOptions: {debuggerAddress: localhost:62133}, networkConnectionEnabled: false, pageLoadStrategy: normal, platformName: mac, proxy: Proxy(), se:cdp: ws://localhost:62133/devtoo..., se:cdpVersion: 128.0.6613.120, setWindowRect: true, strictFileInteractability: false, timeouts: {implicit: 0, pageLoad: 300000, script: 30000}, unhandledPromptBehavior: dismiss and notify, webauthn:extension:credBlob: true, webauthn:extension:largeBlob: true, webauthn:extension:minPinLength: true, webauthn:extension:prf: true, webauthn:virtualAuthenticators: true}
Session ID: d1487a902093cd5dda42206162e97e2f">
      <![CDATA[org.openqa.selenium.NoSuchSessionException: invalid session id
Build info: version: '4.11.0', revision: '040bc5406b'
System info: os.name: 'Mac OS X', os.arch: 'aarch64', os.version: '14.6.1', java.version: '20.0.2'
Driver info: org.openqa.selenium.chrome.ChromeDriver
Command: [d1487a902093cd5dda42206162e97e2f, close {}]
Capabilities {acceptInsecureCerts: false, browserName: chrome, browserVersion: 128.0.6613.120, chrome: {chromedriverVersion: 128.0.6613.84 (606aa55c7d68..., userDataDir: /var/folders/zk/ygw69c096qz...}, fedcm:accounts: true, goog:chromeOptions: {debuggerAddress: localhost:62133}, networkConnectionEnabled: false, pageLoadStrategy: normal, platformName: mac, proxy: Proxy(), se:cdp: ws://localhost:62133/devtoo..., se:cdpVersion: 128.0.6613.120, setWindowRect: true, strictFileInteractability: false, timeouts: {implicit: 0, pageLoad: 300000, script: 30000}, unhandledPromptBehavior: dismiss and notify, webauthn:extension:credBlob: true, webauthn:extension:largeBlob: true, webauthn:extension:minPinLength: true, webauthn:extension:prf: true, webauthn:virtualAuthenticators: true}
Session ID: d1487a902093cd5dda42206162e97e2f
at org.openqa.selenium.remote.codec.w3c.W3CHttpResponseCodec.createException(W3CHttpResponseCodec.java:200)
at org.openqa.selenium.remote.codec.w3c.W3CHttpResponseCodec.decode(W3CHttpResponseCodec.java:133)
at org.openqa.selenium.remote.codec.w3c.W3CHttpResponseCodec.decode(W3CHttpResponseCodec.java:52)
at org.openqa.selenium.remote.HttpCommandExecutor.execute(HttpCommandExecutor.java:191)
at org.openqa.selenium.remote.service.DriverCommandExecutor.invokeExecute(DriverCommandExecutor.java:196)
at org.openqa.selenium.remote.service.DriverCommandExecutor.execute(DriverCommandExecutor.java:171)
at org.openqa.selenium.remote.RemoteWebDriver.execute(RemoteWebDriver.java:518)
at org.openqa.selenium.remote.RemoteWebDriver.execute(RemoteWebDriver.java:591)
at org.openqa.selenium.remote.RemoteWebDriver.execute(RemoteWebDriver.java:595)
at org.openqa.selenium.remote.RemoteWebDriver.close(RemoteWebDriver.java:405)
at com.Tests.HomePageTest.tearDown(HomePageTest.java:88)
at java.base/java.util.concurrent.ThreadPoolExecutor.runWorker(ThreadPoolExecutor.java:1144)
at java.base/java.util.concurrent.ThreadPoolExecutor$Worker.run(ThreadPoolExecutor.java:642)
at java.base/java.lang.Thread.run(Thread.java:1623)
... Removed 18 stack frames]]>
    </failure>
  </testcase> <!-- @AfterMethod tearDown -->
  <testcase classname="com.Tests.HomePageTest" name="@BeforeMethod tearUp" time="-1.72563659035E9">
    <skipped/>
  </testcase> <!-- @BeforeMethod tearUp -->
  <testcase classname="com.Tests.HomePageTest" name="@AfterMethod tearDown" time="-1.725636590371E9">
    <skipped/>
  </testcase> <!-- @AfterMethod tearDown -->
  <testcase classname="com.Tests.HomePageTest" name="pageTitleTest" time="0.267"/>
  <testcase classname="com.Tests.HomePageTest" name="pageTitleTest" time="0.057"/>
  <testcase classname="com.Tests.HomePageTest" name="headerManueListTest" time="0.001">
    <skipped/>
  </testcase> <!-- headerManueListTest -->
  <testcase classname="com.Tests.HomePageTest" name="headerManueListTest" time="3.627"/>
  <testcase classname="com.Tests.HomePageTest" name="homeManueDisplayTest" time="0.173"/>
  <testcase classname="com.Tests.HomePageTest" name="productsMenueDisplayTest" time="0.189"/>
  <testcase classname="com.Tests.HomePageTest" name="scarfManuDisplayTest" time="0.167"/>
  <testcase classname="com.Tests.HomePageTest" name="underCapManuDisplayTest" time="0.174"/>
  <testcase classname="com.Tests.HomePageTest" name="scarfPinManuDisplayTest" time="0.183"/>
  <testcase classname="com.Tests.HomePageTest" name="aboutMenueDisplayTest" time="0.163"/>
  <testcase classname="com.Tests.HomePageTest" name="contactMenueDisplayTest" time="0.163"/>
</testsuite> <!-- Home Page Headers Functions -->
