<?xml version="1.0" encoding="UTF-8"?>
<!-- Generated by org.testng.reporters.JUnitXMLReporter -->
<testsuite ignored="0" hostname="Khosruzs-MacBook-Pro.local" failures="1" tests="4" name="Login Functionalities" time="29.612" errors="0" timestamp="2024-10-18T16:34:36 EDT">
  <testcase classname="com.Tests.LoginPageTest" name="pageTitleTest" time="0.008">
    <skipped/>
  </testcase> <!-- pageTitleTest -->
  <testcase classname="com.Tests.LoginPageTest" name="pageTitleTest" time="0.004">
    <skipped/>
  </testcase> <!-- pageTitleTest -->
  <testcase classname="com.Tests.LoginPageTest" name="pageTitleTest" time="0.006">
    <failure type="java.lang.AssertionError" message="Title is missing!! expected [My account - Anika Hijab] but found [My account - Anika Hijab2]">
      <![CDATA[java.lang.AssertionError: Title is missing!! expected [My account - Anika Hijab] but found [My account - Anika Hijab2]
at com.Pages.LoginPage.validatePageTitle(LoginPage.java:75)
at com.Tests.LoginPageTest.pageTitleTest(LoginPageTest.java:25)
at java.base/java.util.ArrayList.forEach(ArrayList.java:1511)
... Removed 30 stack frames]]>
    </failure>
  </testcase> <!-- pageTitleTest -->
  <testcase classname="com.Tests.LoginPageTest" name="loginWithValidCredentials" time="4.368"/>
</testsuite> <!-- Login Functionalities -->
